The system is: Linux - 6.8.0-51-generic - x86_64
Compiling the CXX compiler identification source file "CMakeCXXCompilerId.cpp" succeeded.
Compiler: /usr/bin/clang++ 
Build flags: 
Id flags:  

The output was:
0


Compilation of the CXX compiler identification source "CMakeCXXCompilerId.cpp" produced "a.out"

The CXX compiler identification is Clang, found in "/home/coffeelipe/Projects/personal/flutter-codelab/namer_app/build/linux/x64/debug/CMakeFiles/3.16.3/CompilerIdCXX/a.out"

Determining if the CXX compiler works passed with the following output:
Change Dir: /home/coffeelipe/Projects/personal/flutter-codelab/namer_app/build/linux/x64/debug/CMakeFiles/CMakeTmp

Run Build Command(s):/usr/bin/ninja cmTC_47b3a && [1/2] Building CXX object CMakeFiles/cmTC_47b3a.dir/testCXXCompiler.cxx.o
[2/2] Linking CXX executable cmTC_47b3a



Detecting CXX compiler ABI info compiled with the following output:
Change Dir: /home/coffeelipe/Projects/personal/flutter-codelab/namer_app/build/linux/x64/debug/CMakeFiles/CMakeTmp

Run Build Command(s):/usr/bin/ninja cmTC_0747a && [1/2] Building CXX object CMakeFiles/cmTC_0747a.dir/CMakeCXXCompilerABI.cpp.o
Ubuntu clang version 18.1.3 (1ubuntu1)
Target: x86_64-pc-linux-gnu
Thread model: posix
InstalledDir: /usr/bin
Found candidate GCC installation: /usr/bin/../lib/gcc/x86_64-linux-gnu/13
Selected GCC installation: /usr/bin/../lib/gcc/x86_64-linux-gnu/13
Candidate multilib: .;@m64
Selected multilib: .;@m64
 (in-process)
 "/usr/lib/llvm-18/bin/clang" -cc1 -triple x86_64-pc-linux-gnu -emit-obj -mrelax-all -disable-free -clear-ast-before-backend -disable-llvm-verifier -discard-value-names -main-file-name CMakeCXXCompilerABI.cpp -mrelocation-model pic -pic-level 2 -pic-is-pie -mframe-pointer=all -fmath-errno -ffp-contract=on -fno-rounding-math -mconstructor-aliases -funwind-tables=2 -target-cpu x86-64 -tune-cpu generic -debugger-tuning=gdb -fdebug-compilation-dir=/home/coffeelipe/Projects/personal/flutter-codelab/namer_app/build/linux/x64/debug/CMakeFiles/CMakeTmp -v -fcoverage-compilation-dir=/home/coffeelipe/Projects/personal/flutter-codelab/namer_app/build/linux/x64/debug/CMakeFiles/CMakeTmp -resource-dir /usr/lib/llvm-18/lib/clang/18 -cxx-isystem /snap/flutter/current/usr/include/x86_64-linux-gnu/c++/9 -cxx-isystem /snap/flutter/current/usr/include/c++/9 -cxx-isystem /snap/flutter/current/usr/include -cxx-isystem /snap/flutter/current/usr/include/x86_64-linux-gnu -cxx-isystem /snap/flutter/current/usr/include/c++/9 -internal-isystem /usr/bin/../lib/gcc/x86_64-linux-gnu/13/../../../../include/c++/13 -internal-isystem /usr/bin/../lib/gcc/x86_64-linux-gnu/13/../../../../include/x86_64-linux-gnu/c++/13 -internal-isystem /usr/bin/../lib/gcc/x86_64-linux-gnu/13/../../../../include/c++/13/backward -internal-isystem /usr/lib/llvm-18/lib/clang/18/include -internal-isystem /usr/local/include -internal-isystem /usr/bin/../lib/gcc/x86_64-linux-gnu/13/../../../../x86_64-linux-gnu/include -internal-externc-isystem /usr/include/x86_64-linux-gnu -internal-externc-isystem /include -internal-externc-isystem /usr/include -fdeprecated-macro -ferror-limit 19 -fgnuc-version=4.2.1 -fskip-odr-check-in-gmf -fcxx-exceptions -fexceptions -faddrsig -D__GCC_HAVE_DWARF2_CFI_ASM=1 -o CMakeFiles/cmTC_0747a.dir/CMakeCXXCompilerABI.cpp.o -x c++ /snap/flutter/149/usr/share/cmake-3.16/Modules/CMakeCXXCompilerABI.cpp
clang -cc1 version 18.1.3 based upon LLVM 18.1.3 default target x86_64-pc-linux-gnu
ignoring nonexistent directory "/usr/bin/../lib/gcc/x86_64-linux-gnu/13/../../../../x86_64-linux-gnu/include"
ignoring nonexistent directory "/include"
ignoring duplicate directory "/snap/flutter/current/usr/include/c++/9"
#include "..." search starts here:
#include <...> search starts here:
 /snap/flutter/current/usr/include/x86_64-linux-gnu/c++/9
 /snap/flutter/current/usr/include/c++/9
 /snap/flutter/current/usr/include
 /snap/flutter/current/usr/include/x86_64-linux-gnu
 /usr/bin/../lib/gcc/x86_64-linux-gnu/13/../../../../include/c++/13
 /usr/bin/../lib/gcc/x86_64-linux-gnu/13/../../../../include/x86_64-linux-gnu/c++/13
 /usr/bin/../lib/gcc/x86_64-linux-gnu/13/../../../../include/c++/13/backward
 /usr/lib/llvm-18/lib/clang/18/include
 /usr/local/include
 /usr/include/x86_64-linux-gnu
 /usr/include
End of search list.
[2/2] Linking CXX executable cmTC_0747a
Ubuntu clang version 18.1.3 (1ubuntu1)
Target: x86_64-pc-linux-gnu
Thread model: posix
InstalledDir: /usr/bin
Found candidate GCC installation: /usr/bin/../lib/gcc/x86_64-linux-gnu/13
Selected GCC installation: /usr/bin/../lib/gcc/x86_64-linux-gnu/13
Candidate multilib: .;@m64
Selected multilib: .;@m64
 "/usr/bin/ld" -z relro --hash-style=gnu --build-id --eh-frame-hdr -m elf_x86_64 -pie -dynamic-linker /lib64/ld-linux-x86-64.so.2 -o cmTC_0747a /lib/x86_64-linux-gnu/Scrt1.o /lib/x86_64-linux-gnu/crti.o /usr/bin/../lib/gcc/x86_64-linux-gnu/13/crtbeginS.o -L/usr/bin/../lib/gcc/x86_64-linux-gnu/13 -L/usr/bin/../lib/gcc/x86_64-linux-gnu/13/../../../../lib64 -L/lib/x86_64-linux-gnu -L/lib/../lib64 -L/usr/lib/x86_64-linux-gnu -L/usr/lib/../lib64 -L/lib -L/usr/lib -L/snap/flutter/current/usr/lib/gcc/x86_64-linux-gnu/9 -L/snap/flutter/current/usr/lib/x86_64-linux-gnu -L/snap/flutter/current/lib/x86_64-linux-gnu -L/snap/flutter/current/usr/lib CMakeFiles/cmTC_0747a.dir/CMakeCXXCompilerABI.cpp.o -lstdc++ -lm -lgcc_s -lgcc -lc -lgcc_s -lgcc /usr/bin/../lib/gcc/x86_64-linux-gnu/13/crtendS.o /lib/x86_64-linux-gnu/crtn.o



Parsed CXX implicit include dir info from above output: rv=done
  found start of include info
  found start of implicit include info
    add: [/snap/flutter/current/usr/include/x86_64-linux-gnu/c++/9]
    add: [/snap/flutter/current/usr/include/c++/9]
    add: [/snap/flutter/current/usr/include]
    add: [/snap/flutter/current/usr/include/x86_64-linux-gnu]
    add: [/usr/bin/../lib/gcc/x86_64-linux-gnu/13/../../../../include/c++/13]
    add: [/usr/bin/../lib/gcc/x86_64-linux-gnu/13/../../../../include/x86_64-linux-gnu/c++/13]
    add: [/usr/bin/../lib/gcc/x86_64-linux-gnu/13/../../../../include/c++/13/backward]
    add: [/usr/lib/llvm-18/lib/clang/18/include]
    add: [/usr/local/include]
    add: [/usr/include/x86_64-linux-gnu]
    add: [/usr/include]
  end of search list found
  collapse include dir [/snap/flutter/current/usr/include/x86_64-linux-gnu/c++/9] ==> [/snap/flutter/current/usr/include/x86_64-linux-gnu/c++/9]
  collapse include dir [/snap/flutter/current/usr/include/c++/9] ==> [/snap/flutter/current/usr/include/c++/9]
  collapse include dir [/snap/flutter/current/usr/include] ==> [/snap/flutter/current/usr/include]
  collapse include dir [/snap/flutter/current/usr/include/x86_64-linux-gnu] ==> [/snap/flutter/current/usr/include/x86_64-linux-gnu]
  collapse include dir [/usr/bin/../lib/gcc/x86_64-linux-gnu/13/../../../../include/c++/13] ==> [/usr/include/c++/13]
  collapse include dir [/usr/bin/../lib/gcc/x86_64-linux-gnu/13/../../../../include/x86_64-linux-gnu/c++/13] ==> [/usr/include/x86_64-linux-gnu/c++/13]
  collapse include dir [/usr/bin/../lib/gcc/x86_64-linux-gnu/13/../../../../include/c++/13/backward] ==> [/usr/include/c++/13/backward]
  collapse include dir [/usr/lib/llvm-18/lib/clang/18/include] ==> [/usr/lib/llvm-18/lib/clang/18/include]
  collapse include dir [/usr/local/include] ==> [/usr/local/include]
  collapse include dir [/usr/include/x86_64-linux-gnu] ==> [/usr/include/x86_64-linux-gnu]
  collapse include dir [/usr/include] ==> [/usr/include]
  implicit include dirs: [/snap/flutter/current/usr/include/x86_64-linux-gnu/c++/9;/snap/flutter/current/usr/include/c++/9;/snap/flutter/current/usr/include;/snap/flutter/current/usr/include/x86_64-linux-gnu;/usr/include/c++/13;/usr/include/x86_64-linux-gnu/c++/13;/usr/include/c++/13/backward;/usr/lib/llvm-18/lib/clang/18/include;/usr/local/include;/usr/include/x86_64-linux-gnu;/usr/include]


Parsed CXX implicit link information from above output:
  link line regex: [^( *|.*[/\])(ld|CMAKE_LINK_STARTFILE-NOTFOUND|([^/\]+-)?ld|collect2)[^/\]*( |$)]
  ignore line: [Change Dir: /home/coffeelipe/Projects/personal/flutter-codelab/namer_app/build/linux/x64/debug/CMakeFiles/CMakeTmp]
  ignore line: []
  ignore line: [Run Build Command(s):/usr/bin/ninja cmTC_0747a && [1/2] Building CXX object CMakeFiles/cmTC_0747a.dir/CMakeCXXCompilerABI.cpp.o]
  ignore line: [Ubuntu clang version 18.1.3 (1ubuntu1)]
  ignore line: [Target: x86_64-pc-linux-gnu]
  ignore line: [Thread model: posix]
  ignore line: [InstalledDir: /usr/bin]
  ignore line: [Found candidate GCC installation: /usr/bin/../lib/gcc/x86_64-linux-gnu/13]
  ignore line: [Selected GCC installation: /usr/bin/../lib/gcc/x86_64-linux-gnu/13]
  ignore line: [Candidate multilib: .]
  ignore line: [@m64]
  ignore line: [Selected multilib: .]
  ignore line: [@m64]
  ignore line: [ (in-process)]
  ignore line: [ "/usr/lib/llvm-18/bin/clang" -cc1 -triple x86_64-pc-linux-gnu -emit-obj -mrelax-all -disable-free -clear-ast-before-backend -disable-llvm-verifier -discard-value-names -main-file-name CMakeCXXCompilerABI.cpp -mrelocation-model pic -pic-level 2 -pic-is-pie -mframe-pointer=all -fmath-errno -ffp-contract=on -fno-rounding-math -mconstructor-aliases -funwind-tables=2 -target-cpu x86-64 -tune-cpu generic -debugger-tuning=gdb -fdebug-compilation-dir=/home/coffeelipe/Projects/personal/flutter-codelab/namer_app/build/linux/x64/debug/CMakeFiles/CMakeTmp -v -fcoverage-compilation-dir=/home/coffeelipe/Projects/personal/flutter-codelab/namer_app/build/linux/x64/debug/CMakeFiles/CMakeTmp -resource-dir /usr/lib/llvm-18/lib/clang/18 -cxx-isystem /snap/flutter/current/usr/include/x86_64-linux-gnu/c++/9 -cxx-isystem /snap/flutter/current/usr/include/c++/9 -cxx-isystem /snap/flutter/current/usr/include -cxx-isystem /snap/flutter/current/usr/include/x86_64-linux-gnu -cxx-isystem /snap/flutter/current/usr/include/c++/9 -internal-isystem /usr/bin/../lib/gcc/x86_64-linux-gnu/13/../../../../include/c++/13 -internal-isystem /usr/bin/../lib/gcc/x86_64-linux-gnu/13/../../../../include/x86_64-linux-gnu/c++/13 -internal-isystem /usr/bin/../lib/gcc/x86_64-linux-gnu/13/../../../../include/c++/13/backward -internal-isystem /usr/lib/llvm-18/lib/clang/18/include -internal-isystem /usr/local/include -internal-isystem /usr/bin/../lib/gcc/x86_64-linux-gnu/13/../../../../x86_64-linux-gnu/include -internal-externc-isystem /usr/include/x86_64-linux-gnu -internal-externc-isystem /include -internal-externc-isystem /usr/include -fdeprecated-macro -ferror-limit 19 -fgnuc-version=4.2.1 -fskip-odr-check-in-gmf -fcxx-exceptions -fexceptions -faddrsig -D__GCC_HAVE_DWARF2_CFI_ASM=1 -o CMakeFiles/cmTC_0747a.dir/CMakeCXXCompilerABI.cpp.o -x c++ /snap/flutter/149/usr/share/cmake-3.16/Modules/CMakeCXXCompilerABI.cpp]
  ignore line: [clang -cc1 version 18.1.3 based upon LLVM 18.1.3 default target x86_64-pc-linux-gnu]
  ignore line: [ignoring nonexistent directory "/usr/bin/../lib/gcc/x86_64-linux-gnu/13/../../../../x86_64-linux-gnu/include"]
  ignore line: [ignoring nonexistent directory "/include"]
  ignore line: [ignoring duplicate directory "/snap/flutter/current/usr/include/c++/9"]
  ignore line: [#include "..." search starts here:]
  ignore line: [#include <...> search starts here:]
  ignore line: [ /snap/flutter/current/usr/include/x86_64-linux-gnu/c++/9]
  ignore line: [ /snap/flutter/current/usr/include/c++/9]
  ignore line: [ /snap/flutter/current/usr/include]
  ignore line: [ /snap/flutter/current/usr/include/x86_64-linux-gnu]
  ignore line: [ /usr/bin/../lib/gcc/x86_64-linux-gnu/13/../../../../include/c++/13]
  ignore line: [ /usr/bin/../lib/gcc/x86_64-linux-gnu/13/../../../../include/x86_64-linux-gnu/c++/13]
  ignore line: [ /usr/bin/../lib/gcc/x86_64-linux-gnu/13/../../../../include/c++/13/backward]
  ignore line: [ /usr/lib/llvm-18/lib/clang/18/include]
  ignore line: [ /usr/local/include]
  ignore line: [ /usr/include/x86_64-linux-gnu]
  ignore line: [ /usr/include]
  ignore line: [End of search list.]
  ignore line: [[2/2] Linking CXX executable cmTC_0747a]
  ignore line: [Ubuntu clang version 18.1.3 (1ubuntu1)]
  ignore line: [Target: x86_64-pc-linux-gnu]
  ignore line: [Thread model: posix]
  ignore line: [InstalledDir: /usr/bin]
  ignore line: [Found candidate GCC installation: /usr/bin/../lib/gcc/x86_64-linux-gnu/13]
  ignore line: [Selected GCC installation: /usr/bin/../lib/gcc/x86_64-linux-gnu/13]
  ignore line: [Candidate multilib: .]
  ignore line: [@m64]
  ignore line: [Selected multilib: .]
  ignore line: [@m64]
  link line: [ "/usr/bin/ld" -z relro --hash-style=gnu --build-id --eh-frame-hdr -m elf_x86_64 -pie -dynamic-linker /lib64/ld-linux-x86-64.so.2 -o cmTC_0747a /lib/x86_64-linux-gnu/Scrt1.o /lib/x86_64-linux-gnu/crti.o /usr/bin/../lib/gcc/x86_64-linux-gnu/13/crtbeginS.o -L/usr/bin/../lib/gcc/x86_64-linux-gnu/13 -L/usr/bin/../lib/gcc/x86_64-linux-gnu/13/../../../../lib64 -L/lib/x86_64-linux-gnu -L/lib/../lib64 -L/usr/lib/x86_64-linux-gnu -L/usr/lib/../lib64 -L/lib -L/usr/lib -L/snap/flutter/current/usr/lib/gcc/x86_64-linux-gnu/9 -L/snap/flutter/current/usr/lib/x86_64-linux-gnu -L/snap/flutter/current/lib/x86_64-linux-gnu -L/snap/flutter/current/usr/lib CMakeFiles/cmTC_0747a.dir/CMakeCXXCompilerABI.cpp.o -lstdc++ -lm -lgcc_s -lgcc -lc -lgcc_s -lgcc /usr/bin/../lib/gcc/x86_64-linux-gnu/13/crtendS.o /lib/x86_64-linux-gnu/crtn.o]
    arg [/usr/bin/ld] ==> ignore
    arg [-zrelro] ==> ignore
    arg [--hash-style=gnu] ==> ignore
    arg [--build-id] ==> ignore
    arg [--eh-frame-hdr] ==> ignore
    arg [-m] ==> ignore
    arg [elf_x86_64] ==> ignore
    arg [-pie] ==> ignore
    arg [-dynamic-linker] ==> ignore
    arg [/lib64/ld-linux-x86-64.so.2] ==> ignore
    arg [-o] ==> ignore
    arg [cmTC_0747a] ==> ignore
    arg [/lib/x86_64-linux-gnu/Scrt1.o] ==> ignore
    arg [/lib/x86_64-linux-gnu/crti.o] ==> ignore
    arg [/usr/bin/../lib/gcc/x86_64-linux-gnu/13/crtbeginS.o] ==> ignore
    arg [-L/usr/bin/../lib/gcc/x86_64-linux-gnu/13] ==> dir [/usr/bin/../lib/gcc/x86_64-linux-gnu/13]
    arg [-L/usr/bin/../lib/gcc/x86_64-linux-gnu/13/../../../../lib64] ==> dir [/usr/bin/../lib/gcc/x86_64-linux-gnu/13/../../../../lib64]
    arg [-L/lib/x86_64-linux-gnu] ==> dir [/lib/x86_64-linux-gnu]
    arg [-L/lib/../lib64] ==> dir [/lib/../lib64]
    arg [-L/usr/lib/x86_64-linux-gnu] ==> dir [/usr/lib/x86_64-linux-gnu]
    arg [-L/usr/lib/../lib64] ==> dir [/usr/lib/../lib64]
    arg [-L/lib] ==> dir [/lib]
    arg [-L/usr/lib] ==> dir [/usr/lib]
    arg [-L/snap/flutter/current/usr/lib/gcc/x86_64-linux-gnu/9] ==> dir [/snap/flutter/current/usr/lib/gcc/x86_64-linux-gnu/9]
    arg [-L/snap/flutter/current/usr/lib/x86_64-linux-gnu] ==> dir [/snap/flutter/current/usr/lib/x86_64-linux-gnu]
    arg [-L/snap/flutter/current/lib/x86_64-linux-gnu] ==> dir [/snap/flutter/current/lib/x86_64-linux-gnu]
    arg [-L/snap/flutter/current/usr/lib] ==> dir [/snap/flutter/current/usr/lib]
    arg [CMakeFiles/cmTC_0747a.dir/CMakeCXXCompilerABI.cpp.o] ==> ignore
    arg [-lstdc++] ==> lib [stdc++]
    arg [-lm] ==> lib [m]
    arg [-lgcc_s] ==> lib [gcc_s]
    arg [-lgcc] ==> lib [gcc]
    arg [-lc] ==> lib [c]
    arg [-lgcc_s] ==> lib [gcc_s]
    arg [-lgcc] ==> lib [gcc]
    arg [/usr/bin/../lib/gcc/x86_64-linux-gnu/13/crtendS.o] ==> ignore
    arg [/lib/x86_64-linux-gnu/crtn.o] ==> ignore
  collapse library dir [/usr/bin/../lib/gcc/x86_64-linux-gnu/13] ==> [/usr/lib/gcc/x86_64-linux-gnu/13]
  collapse library dir [/usr/bin/../lib/gcc/x86_64-linux-gnu/13/../../../../lib64] ==> [/usr/lib64]
  collapse library dir [/lib/x86_64-linux-gnu] ==> [/lib/x86_64-linux-gnu]
  collapse library dir [/lib/../lib64] ==> [/lib64]
  collapse library dir [/usr/lib/x86_64-linux-gnu] ==> [/usr/lib/x86_64-linux-gnu]
  collapse library dir [/usr/lib/../lib64] ==> [/usr/lib64]
  collapse library dir [/lib] ==> [/lib]
  collapse library dir [/usr/lib] ==> [/usr/lib]
  collapse library dir [/snap/flutter/current/usr/lib/gcc/x86_64-linux-gnu/9] ==> [/snap/flutter/current/usr/lib/gcc/x86_64-linux-gnu/9]
  collapse library dir [/snap/flutter/current/usr/lib/x86_64-linux-gnu] ==> [/snap/flutter/current/usr/lib/x86_64-linux-gnu]
  collapse library dir [/snap/flutter/current/lib/x86_64-linux-gnu] ==> [/snap/flutter/current/lib/x86_64-linux-gnu]
  collapse library dir [/snap/flutter/current/usr/lib] ==> [/snap/flutter/current/usr/lib]
  implicit libs: [stdc++;m;gcc_s;gcc;c;gcc_s;gcc]
  implicit dirs: [/usr/lib/gcc/x86_64-linux-gnu/13;/usr/lib64;/lib/x86_64-linux-gnu;/lib64;/usr/lib/x86_64-linux-gnu;/lib;/usr/lib;/snap/flutter/current/usr/lib/gcc/x86_64-linux-gnu/9;/snap/flutter/current/usr/lib/x86_64-linux-gnu;/snap/flutter/current/lib/x86_64-linux-gnu;/snap/flutter/current/usr/lib]
  implicit fwks: []


